<?xml version="1.0" encoding="UTF-8"?>
<model xmlns="http://www.opengroup.org/xsd/archimate/3.0/" xmlns:xsi="http://www.w3.org/2001/XMLSchema-instance" xsi:schemaLocation="http://www.opengroup.org/xsd/archimate/3.0/ http://www.opengroup.org/xsd/archimate/3.1/archimate3_Diagram.xsd" identifier="id-20c384d4-fdd8-4c82-83f6-175bff40d931">
  <name xml:lang="en">test-doc</name>
  <elements>
    <element identifier="id-1de299b3-35c3-4a71-bd16-d380e8d93084" xsi:type="ApplicationComponent">
      <name xml:lang="en">Application Component</name>
    </element>
  </elements>
  <organizations>
    <item>
      <label xml:lang="en">Application</label>
      <item identifierRef="id-1de299b3-35c3-4a71-bd16-d380e8d93084" />
    </item>
    <item>
      <label xml:lang="en">Views</label>
      <item identifierRef="bd9844db-fda4-4662-8c1f-f03ee996f4f7" />
    </item>
  </organizations>
  <views>
    <diagrams>
      <view identifier="bd9844db-fda4-4662-8c1f-f03ee996f4f7" xsi:type="Diagram">
        <name xml:lang="en">Default View</name>
        <node identifier="d896cb9f-4f24-4933-aa25-2c79be61522c" elementRef="id-1de299b3-35c3-4a71-bd16-d380e8d93084" xsi:type="Element" x="541" y="87" w="120" h="55">
          <style>
            <fillColor r="181" g="255" b="255" a="100" />
            <lineColor r="92" g="92" b="92" a="100" />
            <font name="Lucida Grande" size="12">
              <color r="0" g="0" b="0" />
            </font>
          </style>
        </node>
      </view>
    </diagrams>
  </views>
</model>
